info: Server started at http://localhost:3000/api/ {"timestamp":"2024-04-19T05:47:02.659Z"}
info: Connected to the database. {"timestamp":"2024-04-19T05:47:02.695Z"}
info: Server started at http://localhost:3000/api/ {"timestamp":"2024-04-19T05:49:37.001Z"}
info: Connected to the database. {"timestamp":"2024-04-19T05:49:37.024Z"}
info: Server started at http://localhost:3000/api/ {"timestamp":"2024-04-19T05:52:20.691Z"}
info: Connected to the database. {"timestamp":"2024-04-19T05:52:20.732Z"}
info: Server started at http://localhost:3000/api/ {"timestamp":"2024-04-19T05:52:32.026Z"}
info: Connected to the database. {"timestamp":"2024-04-19T05:52:32.051Z"}
info: Server started at http://localhost:3000/api/ {"timestamp":"2024-04-19T05:52:42.162Z"}
info: Connected to the database. {"timestamp":"2024-04-19T05:52:42.185Z"}
info: Server started at http://localhost:3000/api/ {"timestamp":"2024-04-19T05:52:58.634Z"}
info: Connected to the database. {"timestamp":"2024-04-19T05:52:58.666Z"}
info: Server started at http://localhost:3000/api/ {"timestamp":"2024-04-19T05:53:03.196Z"}
info: Connected to the database. {"timestamp":"2024-04-19T05:53:03.230Z"}
info: Server started at http://localhost:3000/api/ {"timestamp":"2024-04-19T05:53:15.159Z"}
info: Connected to the database. {"timestamp":"2024-04-19T05:53:15.187Z"}
info: Server started at http://localhost:3000/api/ {"timestamp":"2024-04-19T05:55:45.362Z"}
info: Connected to the database. {"timestamp":"2024-04-19T05:55:45.384Z"}
info: Server started at http://localhost:3000/api/ {"timestamp":"2024-04-19T05:55:58.149Z"}
info: Connected to the database. {"timestamp":"2024-04-19T05:55:58.176Z"}
info: Server started at http://localhost:3000/api/ {"timestamp":"2024-04-19T05:56:17.048Z"}
info: Connected to the database. {"timestamp":"2024-04-19T05:56:17.087Z"}
info: Server started at http://localhost:3000/api/ {"timestamp":"2024-04-19T05:56:35.648Z"}
info: Connected to the database. {"timestamp":"2024-04-19T05:56:35.669Z"}
info: Server started at http://localhost:3000/api/ {"timestamp":"2024-04-19T05:57:16.834Z"}
info: Connected to the database. {"timestamp":"2024-04-19T05:57:16.859Z"}
info: Server started at http://localhost:3000/api/ {"timestamp":"2024-04-19T05:57:23.327Z"}
info: Connected to the database. {"timestamp":"2024-04-19T05:57:23.354Z"}
info: Server started at http://localhost:3000/api/ {"timestamp":"2024-04-19T05:57:55.343Z"}
info: Connected to the database. {"timestamp":"2024-04-19T05:57:55.367Z"}
info: Server started at http://localhost:3000/api/ {"timestamp":"2024-04-19T05:58:07.890Z"}
info: Connected to the database. {"timestamp":"2024-04-19T05:58:07.910Z"}
info: Server started at http://localhost:3000/api/ {"timestamp":"2024-04-19T05:58:20.878Z"}
info: Connected to the database. {"timestamp":"2024-04-19T05:58:20.900Z"}
info: Server started at http://localhost:3000/api/ {"timestamp":"2024-04-19T05:58:30.873Z"}
info: Connected to the database. {"timestamp":"2024-04-19T05:58:30.897Z"}
info: Server started at http://localhost:3000/api/ {"timestamp":"2024-04-19T05:58:47.749Z"}
info: Connected to the database. {"timestamp":"2024-04-19T05:58:47.778Z"}
info: Server started at http://localhost:3000/api/ {"timestamp":"2024-04-19T07:54:18.484Z"}
info: Connected to the database. {"timestamp":"2024-04-19T07:54:18.508Z"}
error: 
    status - 500 
    message - ValidationError: "email" length must be at least 10 characters long 
    url - /api/user 
    method - POST 
    IP - ::1
   {"timestamp":"2024-04-19T07:56:19.623Z"}
error: 
    status - 500 
    message - ValidationError: "email" length must be at least 10 characters long 
    url - /api/user 
    method - POST 
    IP - ::1
   {"timestamp":"2024-04-19T07:56:22.287Z"}
info: Server started at http://localhost:3000/api/ {"timestamp":"2024-04-19T08:01:41.961Z"}
info: Connected to the database. {"timestamp":"2024-04-19T08:01:41.982Z"}
info: Server started at http://localhost:3000/api/ {"timestamp":"2024-04-19T08:03:07.856Z"}
info: Connected to the database. {"timestamp":"2024-04-19T08:03:07.876Z"}
error: 
    status - 500 
    message - ReferenceError: token is not defined
    at _callee2$ (C:\fundooNotesApp\crud-project\src\services\/user.service.js:24:10)
    at tryCatch (C:\fundooNotesApp\crud-project\node_modules\@babel\runtime\helpers\regeneratorRuntime.js:45:16)
    at Generator.<anonymous> (C:\fundooNotesApp\crud-project\node_modules\@babel\runtime\helpers\regeneratorRuntime.js:133:17)
    at Generator.next (C:\fundooNotesApp\crud-project\node_modules\@babel\runtime\helpers\regeneratorRuntime.js:74:21)
    at asyncGeneratorStep (C:\fundooNotesApp\crud-project\node_modules\@babel\runtime\helpers\asyncToGenerator.js:3:24)
    at _next (C:\fundooNotesApp\crud-project\node_modules\@babel\runtime\helpers\asyncToGenerator.js:22:9)
    at processTicksAndRejections (node:internal/process/task_queues:95:5) 
    url - /api/user/forgetpass 
    method - POST 
    IP - ::1
   {"timestamp":"2024-04-19T08:03:37.166Z"}
info: Server started at http://localhost:3000/api/ {"timestamp":"2024-04-19T08:05:29.340Z"}
info: Connected to the database. {"timestamp":"2024-04-19T08:05:29.367Z"}
info: Server started at http://localhost:3000/api/ {"timestamp":"2024-04-19T08:07:06.734Z"}
info: Connected to the database. {"timestamp":"2024-04-19T08:07:06.760Z"}
info: Server started at http://localhost:3000/api/ {"timestamp":"2024-04-19T08:08:39.267Z"}
info: Connected to the database. {"timestamp":"2024-04-19T08:08:39.302Z"}
info: Server started at http://localhost:3000/api/ {"timestamp":"2024-04-19T08:09:15.096Z"}
info: Connected to the database. {"timestamp":"2024-04-19T08:09:15.122Z"}
info: Server started at http://localhost:3000/api/ {"timestamp":"2024-04-19T08:10:12.571Z"}
info: Connected to the database. {"timestamp":"2024-04-19T08:10:12.607Z"}
error: 
    status - 500 
    message - JsonWebTokenError: jwt must be provided
    at Object.verify (C:\fundooNotesApp\crud-project\node_modules\jsonwebtoken\verify.js:53:17)
    at _callee$ (C:\fundooNotesApp\crud-project\src\middlewares\/auth.middleware.js:18:28)
    at tryCatch (C:\fundooNotesApp\crud-project\node_modules\@babel\runtime\helpers\regeneratorRuntime.js:45:16)
    at Generator.<anonymous> (C:\fundooNotesApp\crud-project\node_modules\@babel\runtime\helpers\regeneratorRuntime.js:133:17)
    at Generator.next (C:\fundooNotesApp\crud-project\node_modules\@babel\runtime\helpers\regeneratorRuntime.js:74:21)
    at asyncGeneratorStep (C:\fundooNotesApp\crud-project\node_modules\@babel\runtime\helpers\asyncToGenerator.js:3:24)
    at _next (C:\fundooNotesApp\crud-project\node_modules\@babel\runtime\helpers\asyncToGenerator.js:22:9)
    at C:\fundooNotesApp\crud-project\node_modules\@babel\runtime\helpers\asyncToGenerator.js:27:7
    at new Promise (<anonymous>)
    at apply (C:\fundooNotesApp\crud-project\node_modules\@babel\runtime\helpers\asyncToGenerator.js:19:12)
    at userAuth (C:\fundooNotesApp\crud-project\src\middlewares\/auth.middleware.js:8:22)
    at Layer.handle [as handle_request] (C:\fundooNotesApp\crud-project\node_modules\express\lib\router\layer.js:95:5)
    at next (C:\fundooNotesApp\crud-project\node_modules\express\lib\router\route.js:149:13)
    at Route.dispatch (C:\fundooNotesApp\crud-project\node_modules\express\lib\router\route.js:119:3)
    at Layer.handle [as handle_request] (C:\fundooNotesApp\crud-project\node_modules\express\lib\router\layer.js:95:5)
    at C:\fundooNotesApp\crud-project\node_modules\express\lib\router\index.js:284:15
    at Function.process_params (C:\fundooNotesApp\crud-project\node_modules\express\lib\router\index.js:346:12)
    at next (C:\fundooNotesApp\crud-project\node_modules\express\lib\router\index.js:280:10)
    at Function.handle (C:\fundooNotesApp\crud-project\node_modules\express\lib\router\index.js:175:3)
    at router (C:\fundooNotesApp\crud-project\node_modules\express\lib\router\index.js:47:12)
    at Layer.handle [as handle_request] (C:\fundooNotesApp\crud-project\node_modules\express\lib\router\layer.js:95:5)
    at trim_prefix (C:\fundooNotesApp\crud-project\node_modules\express\lib\router\index.js:328:13)
    at C:\fundooNotesApp\crud-project\node_modules\express\lib\router\index.js:286:9
    at Function.process_params (C:\fundooNotesApp\crud-project\node_modules\express\lib\router\index.js:346:12)
    at next (C:\fundooNotesApp\crud-project\node_modules\express\lib\router\index.js:280:10)
    at Function.handle (C:\fundooNotesApp\crud-project\node_modules\express\lib\router\index.js:175:3)
    at router (C:\fundooNotesApp\crud-project\node_modules\express\lib\router\index.js:47:12)
    at Layer.handle [as handle_request] (C:\fundooNotesApp\crud-project\node_modules\express\lib\router\layer.js:95:5)
    at trim_prefix (C:\fundooNotesApp\crud-project\node_modules\express\lib\router\index.js:328:13)
    at C:\fundooNotesApp\crud-project\node_modules\express\lib\router\index.js:286:9
    at Function.process_params (C:\fundooNotesApp\crud-project\node_modules\express\lib\router\index.js:346:12)
    at next (C:\fundooNotesApp\crud-project\node_modules\express\lib\router\index.js:280:10)
    at logger (C:\fundooNotesApp\crud-project\node_modules\morgan\index.js:144:5)
    at Layer.handle [as handle_request] (C:\fundooNotesApp\crud-project\node_modules\express\lib\router\layer.js:95:5)
    at trim_prefix (C:\fundooNotesApp\crud-project\node_modules\express\lib\router\index.js:328:13)
    at C:\fundooNotesApp\crud-project\node_modules\express\lib\router\index.js:286:9
    at Function.process_params (C:\fundooNotesApp\crud-project\node_modules\express\lib\router\index.js:346:12)
    at next (C:\fundooNotesApp\crud-project\node_modules\express\lib\router\index.js:280:10)
    at C:\fundooNotesApp\crud-project\node_modules\body-parser\lib\read.js:137:5
    at AsyncResource.runInAsyncScope (node:async_hooks:204:9)
    at invokeCallback (C:\fundooNotesApp\crud-project\node_modules\raw-body\index.js:238:16)
    at done (C:\fundooNotesApp\crud-project\node_modules\raw-body\index.js:227:7)
    at IncomingMessage.onEnd (C:\fundooNotesApp\crud-project\node_modules\raw-body\index.js:287:7)
    at IncomingMessage.emit (node:events:513:28)
    at IncomingMessage.emit (node:domain:489:12)
    at endReadableNT (node:internal/streams/readable:1359:12)
    at processTicksAndRejections (node:internal/process/task_queues:82:21) 
    url - /api/user/resetpass 
    method - POST 
    IP - ::1
   {"timestamp":"2024-04-19T08:16:11.232Z"}
info: Server started at http://localhost:3000/api/ {"timestamp":"2024-04-19T09:14:24.015Z"}
info: Connected to the database. {"timestamp":"2024-04-19T09:14:24.043Z"}
info: Server started at http://localhost:3000/api/ {"timestamp":"2024-04-19T09:47:49.191Z"}
info: Connected to the database. {"timestamp":"2024-04-19T09:47:49.236Z"}
